1614951064424: [INFO] Trying to find Native VLC Installation...
1614951064648: [INFO] No VLC Installation found on this system. Proceeding to install.
1614951064657: [INFO] Detecting Operating System...
1614951064686: [INFO] Detected Linux AMD/Intel 64 Bit!
1614951064686: [INFO] =========================================
1614951064686: [INFO]  Final Results After Runtime Scanning... 
1614951064686: [INFO] =========================================
1614951064686: [INFO] Operating System: linux
1614951064686: [INFO] CPU Architecture: x86_64
1614951064686: [INFO] Link Used: LINUX
1614951064686: [INFO] =========================================
1614951064858: [INFO] Reading System OS JSON file...
1614951064900: [INFO] Listing All Possible CPU Architectures...
1614951064901: [INFO] AMD64
1614951064901: [INFO] AARCH64
1614951064901: [INFO] ARMHF
1614951064901: [INFO] ARMV7H
1614951064901: [INFO] ARMHFP
1614951064901: [INFO] ARMV7HL
1614951064901: [INFO] ARMV7
1614951064901: [INFO] ARM64
1614951064901: [INFO] EARNMV7HF
1614951064901: [INFO] X86_64
1614951064901: [INFO] I386
1614951064902: [INFO] I586
1614951064902: [INFO] I486
1614951064926: [INFO] Successfully read System OS JSON file
1614951064926: [INFO] Attempting to Find VLC Package for Machine.
1614951064927: [INFO] Attempting Operating System slackware
1614951064927: [INFO] Attempting Operating System opensuse
1614951064927: [INFO] Attempting Operating System debian
1614951064927: [INFO] Attempting Operating System ubuntu
1614951064927: [INFO] Attempting Operating System arch_linux
1614951064927: [INFO] Attempting Operating System fedora
1614951064927: [INFO] Attempting Operating System solus
1614951064927: [INFO] Attempting Operating System kaos
1614951064927: [INFO] Attempting Operating System freebsd
1614951064927: [INFO] Attempting Operating System centos
1614951064927: [INFO] Attempting Operating System netbsd
1614951064927: [ERROR] Could not find architecture... throwing an error!
